[2025-08-05T17:20:27.299+0000] {local_task_job_runner.py:120} INFO - ::group::Pre task execution logs
[2025-08-05T17:20:27.352+0000] {taskinstance.py:2076} INFO - Dependencies all met for dep_context=non-requeueable deps ti=<TaskInstance: spark_test_job.run_spark_job manual__2025-08-05T17:20:21.967007+00:00 [queued]>
[2025-08-05T17:20:27.362+0000] {taskinstance.py:2076} INFO - Dependencies all met for dep_context=requeueable deps ti=<TaskInstance: spark_test_job.run_spark_job manual__2025-08-05T17:20:21.967007+00:00 [queued]>
[2025-08-05T17:20:27.363+0000] {taskinstance.py:2306} INFO - Starting attempt 1 of 1
[2025-08-05T17:20:27.383+0000] {taskinstance.py:2330} INFO - Executing <Task(SparkSubmitOperator): run_spark_job> on 2025-08-05 17:20:21.967007+00:00
[2025-08-05T17:20:27.393+0000] {standard_task_runner.py:63} INFO - Started process 665 to run task
[2025-08-05T17:20:27.420+0000] {standard_task_runner.py:90} INFO - Running: ['***', 'tasks', 'run', 'spark_test_job', 'run_spark_job', 'manual__2025-08-05T17:20:21.967007+00:00', '--job-id', '9', '--raw', '--subdir', 'DAGS_FOLDER/etl_jobs_dag.py', '--cfg-path', '/tmp/tmprep6o7q0']
[2025-08-05T17:20:27.456+0000] {standard_task_runner.py:91} INFO - Job 9: Subtask run_spark_job
[2025-08-05T17:20:27.902+0000] {task_command.py:426} INFO - Running <TaskInstance: spark_test_job.run_spark_job manual__2025-08-05T17:20:21.967007+00:00 [running]> on host a2763191a4ee
[2025-08-05T17:20:28.364+0000] {taskinstance.py:2648} INFO - Exporting env vars: AIRFLOW_CTX_DAG_OWNER='***' AIRFLOW_CTX_DAG_ID='spark_test_job' AIRFLOW_CTX_TASK_ID='run_spark_job' AIRFLOW_CTX_EXECUTION_DATE='2025-08-05T17:20:21.967007+00:00' AIRFLOW_CTX_TRY_NUMBER='1' AIRFLOW_CTX_DAG_RUN_ID='manual__2025-08-05T17:20:21.967007+00:00'
[2025-08-05T17:20:28.369+0000] {taskinstance.py:430} INFO - ::endgroup::
[2025-08-05T17:20:28.447+0000] {base.py:84} INFO - Using connection ID 'spark_default' for task execution.
[2025-08-05T17:20:28.451+0000] {spark_submit.py:351} INFO - Spark-Submit cmd: spark-submit --master spark://spark-master:7077 --name arrow-spark --verbose /opt/spark-jobs/test_job.py
[2025-08-05T17:20:29.101+0000] {spark_submit.py:521} INFO - WARNING: Using incubator modules: jdk.incubator.vector
[2025-08-05T17:20:31.727+0000] {spark_submit.py:521} INFO - Parsed arguments:
[2025-08-05T17:20:31.728+0000] {spark_submit.py:521} INFO - master                  spark://spark-master:7077
[2025-08-05T17:20:31.729+0000] {spark_submit.py:521} INFO - remote                  null
[2025-08-05T17:20:31.729+0000] {spark_submit.py:521} INFO - deployMode              null
[2025-08-05T17:20:31.729+0000] {spark_submit.py:521} INFO - executorMemory          null
[2025-08-05T17:20:31.730+0000] {spark_submit.py:521} INFO - executorCores           null
[2025-08-05T17:20:31.730+0000] {spark_submit.py:521} INFO - totalExecutorCores      null
[2025-08-05T17:20:31.730+0000] {spark_submit.py:521} INFO - propertiesFile          null
[2025-08-05T17:20:31.731+0000] {spark_submit.py:521} INFO - driverMemory            null
[2025-08-05T17:20:31.731+0000] {spark_submit.py:521} INFO - driverCores             null
[2025-08-05T17:20:31.731+0000] {spark_submit.py:521} INFO - driverExtraClassPath    null
[2025-08-05T17:20:31.732+0000] {spark_submit.py:521} INFO - driverExtraLibraryPath  null
[2025-08-05T17:20:31.732+0000] {spark_submit.py:521} INFO - driverExtraJavaOptions  null
[2025-08-05T17:20:31.732+0000] {spark_submit.py:521} INFO - supervise               false
[2025-08-05T17:20:31.732+0000] {spark_submit.py:521} INFO - queue                   null
[2025-08-05T17:20:31.733+0000] {spark_submit.py:521} INFO - numExecutors            null
[2025-08-05T17:20:31.733+0000] {spark_submit.py:521} INFO - files                   null
[2025-08-05T17:20:31.733+0000] {spark_submit.py:521} INFO - pyFiles                 null
[2025-08-05T17:20:31.734+0000] {spark_submit.py:521} INFO - archives                null
[2025-08-05T17:20:31.734+0000] {spark_submit.py:521} INFO - mainClass               null
[2025-08-05T17:20:31.734+0000] {spark_submit.py:521} INFO - primaryResource         file:/opt/spark-jobs/test_job.py
[2025-08-05T17:20:31.734+0000] {spark_submit.py:521} INFO - name                    arrow-spark
[2025-08-05T17:20:31.735+0000] {spark_submit.py:521} INFO - childArgs               []
[2025-08-05T17:20:31.735+0000] {spark_submit.py:521} INFO - jars                    null
[2025-08-05T17:20:31.735+0000] {spark_submit.py:521} INFO - packages                null
[2025-08-05T17:20:31.735+0000] {spark_submit.py:521} INFO - packagesExclusions      null
[2025-08-05T17:20:31.736+0000] {spark_submit.py:521} INFO - repositories            null
[2025-08-05T17:20:31.736+0000] {spark_submit.py:521} INFO - verbose                 true
[2025-08-05T17:20:31.736+0000] {spark_submit.py:521} INFO - 
[2025-08-05T17:20:31.736+0000] {spark_submit.py:521} INFO - Spark properties used, including those specified through
[2025-08-05T17:20:31.737+0000] {spark_submit.py:521} INFO - --conf and those from the properties file null:
[2025-08-05T17:20:31.737+0000] {spark_submit.py:521} INFO - 
[2025-08-05T17:20:31.737+0000] {spark_submit.py:521} INFO - 
[2025-08-05T17:20:31.737+0000] {spark_submit.py:521} INFO - 
[2025-08-05T17:20:32.350+0000] {spark_submit.py:521} INFO - Main class:
[2025-08-05T17:20:32.352+0000] {spark_submit.py:521} INFO - org.apache.spark.deploy.PythonRunner
[2025-08-05T17:20:32.355+0000] {spark_submit.py:521} INFO - Arguments:
[2025-08-05T17:20:32.357+0000] {spark_submit.py:521} INFO - file:/opt/spark-jobs/test_job.py
[2025-08-05T17:20:32.363+0000] {spark_submit.py:521} INFO - null
[2025-08-05T17:20:32.366+0000] {spark_submit.py:521} INFO - Spark config:
[2025-08-05T17:20:32.367+0000] {spark_submit.py:521} INFO - (spark.app.name,arrow-spark)
[2025-08-05T17:20:32.368+0000] {spark_submit.py:521} INFO - (spark.app.submitTime,1754414432284)
[2025-08-05T17:20:32.372+0000] {spark_submit.py:521} INFO - (spark.master,spark://spark-master:7077)
[2025-08-05T17:20:32.382+0000] {spark_submit.py:521} INFO - (spark.submit.deployMode,client)
[2025-08-05T17:20:32.385+0000] {spark_submit.py:521} INFO - (spark.submit.pyFiles,)
[2025-08-05T17:20:32.387+0000] {spark_submit.py:521} INFO - Classpath elements:
[2025-08-05T17:20:32.388+0000] {spark_submit.py:521} INFO - 
[2025-08-05T17:20:32.388+0000] {spark_submit.py:521} INFO - 
[2025-08-05T17:20:32.389+0000] {spark_submit.py:521} INFO - 
[2025-08-05T17:20:32.906+0000] {spark_submit.py:521} INFO - python3: can't open file '/opt/spark-jobs/test_job.py': [Errno 2] No such file or directory
[2025-08-05T17:20:33.175+0000] {spark_submit.py:521} INFO - 25/08/05 17:20:33 INFO ShutdownHookManager: Shutdown hook called
[2025-08-05T17:20:33.188+0000] {spark_submit.py:521} INFO - 25/08/05 17:20:33 INFO ShutdownHookManager: Deleting directory /tmp/spark-dd0b8cda-6053-4b93-afc9-06867488e83b
[2025-08-05T17:20:33.285+0000] {taskinstance.py:441} INFO - ::group::Post task execution logs
[2025-08-05T17:20:33.300+0000] {taskinstance.py:2905} ERROR - Task failed with exception
Traceback (most recent call last):
  File "/home/airflow/.local/lib/python3.10/site-packages/airflow/models/taskinstance.py", line 465, in _execute_task
    result = _execute_callable(context=context, **execute_callable_kwargs)
  File "/home/airflow/.local/lib/python3.10/site-packages/airflow/models/taskinstance.py", line 432, in _execute_callable
    return execute_callable(context=context, **execute_callable_kwargs)
  File "/home/airflow/.local/lib/python3.10/site-packages/airflow/models/baseoperator.py", line 400, in wrapper
    return func(self, *args, **kwargs)
  File "/home/airflow/.local/lib/python3.10/site-packages/airflow/providers/apache/spark/operators/spark_submit.py", line 156, in execute
    self._hook.submit(self._application)
  File "/home/airflow/.local/lib/python3.10/site-packages/airflow/providers/apache/spark/hooks/spark_submit.py", line 452, in submit
    raise AirflowException(
airflow.exceptions.AirflowException: Cannot execute: spark-submit --master spark://spark-master:7077 --name arrow-spark --verbose /opt/spark-jobs/test_job.py. Error code is: 2.
[2025-08-05T17:20:33.307+0000] {taskinstance.py:1206} INFO - Marking task as FAILED. dag_id=spark_test_job, task_id=run_spark_job, run_id=manual__2025-08-05T17:20:21.967007+00:00, execution_date=20250805T172021, start_date=20250805T172027, end_date=20250805T172033
[2025-08-05T17:20:33.332+0000] {standard_task_runner.py:110} ERROR - Failed to execute job 9 for task run_spark_job (Cannot execute: spark-submit --master spark://spark-master:7077 --name arrow-spark --verbose /opt/spark-jobs/test_job.py. Error code is: 2.; 665)
[2025-08-05T17:20:33.348+0000] {local_task_job_runner.py:240} INFO - Task exited with return code 1
[2025-08-05T17:20:33.368+0000] {taskinstance.py:3498} INFO - 0 downstream tasks scheduled from follow-on schedule check
[2025-08-05T17:20:33.372+0000] {local_task_job_runner.py:222} INFO - ::endgroup::
