[2025-08-08T17:27:34.482+0000] {local_task_job_runner.py:120} INFO - ::group::Pre task execution logs
[2025-08-08T17:27:34.594+0000] {taskinstance.py:2076} INFO - Dependencies all met for dep_context=non-requeueable deps ti=<TaskInstance: spark_transform_topcv.submit_spark_job manual__2025-08-08T17:27:27.409412+00:00 [queued]>
[2025-08-08T17:27:34.607+0000] {taskinstance.py:2076} INFO - Dependencies all met for dep_context=requeueable deps ti=<TaskInstance: spark_transform_topcv.submit_spark_job manual__2025-08-08T17:27:27.409412+00:00 [queued]>
[2025-08-08T17:27:34.608+0000] {taskinstance.py:2306} INFO - Starting attempt 1 of 1
[2025-08-08T17:27:34.633+0000] {taskinstance.py:2330} INFO - Executing <Task(SparkSubmitOperator): submit_spark_job> on 2025-08-08 17:27:27.409412+00:00
[2025-08-08T17:27:34.641+0000] {standard_task_runner.py:63} INFO - Started process 2160 to run task
[2025-08-08T17:27:34.667+0000] {standard_task_runner.py:90} INFO - Running: ['***', 'tasks', 'run', 'spark_transform_topcv', 'submit_spark_job', 'manual__2025-08-08T17:27:27.409412+00:00', '--job-id', '18', '--raw', '--subdir', 'DAGS_FOLDER/etl_jobs_dag.py', '--cfg-path', '/tmp/tmp9mwwd0f1']
[2025-08-08T17:27:34.707+0000] {standard_task_runner.py:91} INFO - Job 18: Subtask submit_spark_job
[2025-08-08T17:27:35.271+0000] {task_command.py:426} INFO - Running <TaskInstance: spark_transform_topcv.submit_spark_job manual__2025-08-08T17:27:27.409412+00:00 [running]> on host eaa3d97078aa
[2025-08-08T17:27:35.498+0000] {taskinstance.py:2648} INFO - Exporting env vars: AIRFLOW_CTX_DAG_OWNER='***' AIRFLOW_CTX_DAG_ID='spark_transform_topcv' AIRFLOW_CTX_TASK_ID='submit_spark_job' AIRFLOW_CTX_EXECUTION_DATE='2025-08-08T17:27:27.409412+00:00' AIRFLOW_CTX_TRY_NUMBER='1' AIRFLOW_CTX_DAG_RUN_ID='manual__2025-08-08T17:27:27.409412+00:00'
[2025-08-08T17:27:35.505+0000] {taskinstance.py:430} INFO - ::endgroup::
[2025-08-08T17:27:35.787+0000] {spark_submit.py:223} INFO - Could not load connection string spark_default, defaulting to yarn
[2025-08-08T17:27:35.792+0000] {taskinstance.py:441} INFO - ::group::Post task execution logs
[2025-08-08T17:27:35.798+0000] {taskinstance.py:2905} ERROR - Task failed with exception
Traceback (most recent call last):
  File "/home/airflow/.local/lib/python3.11/site-packages/airflow/models/taskinstance.py", line 465, in _execute_task
    result = _execute_callable(context=context, **execute_callable_kwargs)
             ^^^^^^^^^^^^^^^^^^^^^^^^^^^^^^^^^^^^^^^^^^^^^^^^^^^^^^^^^^^^^
  File "/home/airflow/.local/lib/python3.11/site-packages/airflow/models/taskinstance.py", line 432, in _execute_callable
    return execute_callable(context=context, **execute_callable_kwargs)
           ^^^^^^^^^^^^^^^^^^^^^^^^^^^^^^^^^^^^^^^^^^^^^^^^^^^^^^^^^^^^
  File "/home/airflow/.local/lib/python3.11/site-packages/airflow/models/baseoperator.py", line 400, in wrapper
    return func(self, *args, **kwargs)
           ^^^^^^^^^^^^^^^^^^^^^^^^^^^
  File "/home/airflow/.local/lib/python3.11/site-packages/airflow/providers/apache/spark/operators/spark_submit.py", line 156, in execute
    self._hook.submit(self._application)
  File "/home/airflow/.local/lib/python3.11/site-packages/airflow/providers/apache/spark/hooks/spark_submit.py", line 424, in submit
    spark_submit_cmd = self._build_spark_submit_command(application)
                       ^^^^^^^^^^^^^^^^^^^^^^^^^^^^^^^^^^^^^^^^^^^^^
  File "/home/airflow/.local/lib/python3.11/site-packages/airflow/providers/apache/spark/hooks/spark_submit.py", line 351, in _build_spark_submit_command
    self.log.info("Spark-Submit cmd: %s", self._mask_cmd(connection_cmd))
                                          ^^^^^^^^^^^^^^^^^^^^^^^^^^^^^^
  File "/home/airflow/.local/lib/python3.11/site-packages/airflow/providers/apache/spark/hooks/spark_submit.py", line 257, in _mask_cmd
    " ".join(connection_cmd),
    ^^^^^^^^^^^^^^^^^^^^^^^^
TypeError: sequence item 20: expected str instance, list found
[2025-08-08T17:27:35.919+0000] {taskinstance.py:1206} INFO - Marking task as FAILED. dag_id=spark_transform_topcv, task_id=submit_spark_job, run_id=manual__2025-08-08T17:27:27.409412+00:00, execution_date=20250808T172727, start_date=20250808T172734, end_date=20250808T172735
[2025-08-08T17:27:35.968+0000] {standard_task_runner.py:110} ERROR - Failed to execute job 18 for task submit_spark_job (sequence item 20: expected str instance, list found; 2160)
[2025-08-08T17:27:36.028+0000] {local_task_job_runner.py:240} INFO - Task exited with return code 1
[2025-08-08T17:27:36.070+0000] {taskinstance.py:3498} INFO - 0 downstream tasks scheduled from follow-on schedule check
[2025-08-08T17:27:36.075+0000] {local_task_job_runner.py:222} INFO - ::endgroup::
